


ARM Macro Assembler    Page 1 


    1 00000000                 AREA             |.text|, CODE, READONLY, ALIGN=
2
    2 00000000         
    3 00000000                 EXPORT           __main
    4 00000000         
    5 00000000 20000004 
                       a       EQU              0x20000004
    6 00000000 20000008 
                       b       EQU              0x20000008
    7 00000000 2000000C 
                       c       EQU              0x2000000C
    8 00000000         
    9 00000000         __main                               ; Lab 5 Program 2
   10 00000000         
   11 00000000 2005            MOVS             R0, #5
   12 00000002 4F09            LDR              R7, =a      ; load a
   13 00000004 6038            STR              R0, [R7]    ; a = 5
   14 00000006         
   15 00000006 210A            MOVS             R1, #10     ; load b
   16 00000008 4F08            LDR              R7, =b
   17 0000000A 6039            STR              R1, [R7]    ; b = 10
   18 0000000C         
   19 0000000C 4288            CMP              R0,R1       ; a > b ?
   20 0000000E D907            BLS              else1       ; break tp else1 if
                                                             a <= b
   21 00000010 4F07            LDR              R7, =c      ; load c
   22 00000012 2302            MOVS             R3, #2
   23 00000014 434B            MULS             R3, R1, R3  ; r3 equals b * 2
   24 00000016 18C2            ADDS             R2, R0, R3  ; c = a + b*2
   25 00000018 2305            MOVS             R3, #5
   26 0000001A 1AD2            SUBS             R2, R2, R3  ; c = c - 5
   27 0000001C 603A            STR              R2, [R7]    ; store c
   28 0000001E E002            B                done
   29 00000020         
   30 00000020         else1
   31 00000020 4F03            LDR              R7, =c      ; load c
   32 00000022 1DC2            ADDS             R2, R0, #7  ; c = a + 7
   33 00000024 603A            STR              R2, [R7]    ; c = 1 and store
   34 00000026         
   35 00000026         done
   36 00000026 E7FE            B                done
   37 00000028                 END
              20000004 
              20000008 
              2000000C 
Command Line: --debug --xref --diag_suppress=9931 --cpu=Cortex-M0+ --apcs=inter
work --depend=.\objects\lab05_2.d -o.\objects\lab05_2.o -I.\RTE\_Target_1 -IC:\
Keil_v5\ARM\PACK\ARM\CMSIS\5.0.1\CMSIS\Include -IC:\Keil_v5\ARM\PACK\ARM\CMSIS\
5.0.1\Device\ARM\ARMCM0plus\Include --predefine="__EVAL SETA 1" --predefine="__
UVISION_VERSION SETA 523" --predefine="_RTE_ SETA 1" --predefine="ARMCM0P SETA 
1" --list=.\listings\lab05_2.lst Lab05_2.s



ARM Macro Assembler    Page 1 Alphabetic symbol ordering
Relocatable symbols

.text 00000000

Symbol: .text
   Definitions
      At line 1 in file Lab05_2.s
   Uses
      None
Comment: .text unused
__main 00000000

Symbol: __main
   Definitions
      At line 9 in file Lab05_2.s
   Uses
      At line 3 in file Lab05_2.s
Comment: __main used once
done 00000026

Symbol: done
   Definitions
      At line 35 in file Lab05_2.s
   Uses
      At line 28 in file Lab05_2.s
      At line 36 in file Lab05_2.s

else1 00000020

Symbol: else1
   Definitions
      At line 30 in file Lab05_2.s
   Uses
      At line 20 in file Lab05_2.s
Comment: else1 used once
4 symbols



ARM Macro Assembler    Page 1 Alphabetic symbol ordering
Absolute symbols

a 20000004

Symbol: a
   Definitions
      At line 5 in file Lab05_2.s
   Uses
      At line 12 in file Lab05_2.s
Comment: a used once
b 20000008

Symbol: b
   Definitions
      At line 6 in file Lab05_2.s
   Uses
      At line 16 in file Lab05_2.s
Comment: b used once
c 2000000C

Symbol: c
   Definitions
      At line 7 in file Lab05_2.s
   Uses
      At line 21 in file Lab05_2.s
      At line 31 in file Lab05_2.s

3 symbols
343 symbols in table
